-------------------------------------------------------------------------------
Test set: COMP3004.MeldTest
-------------------------------------------------------------------------------
Tests run: 8, Failures: 1, Errors: 0, Skipped: 0, Time elapsed: 0.001 s <<< FAILURE! - in COMP3004.MeldTest
testSortSet(COMP3004.MeldTest)  Time elapsed: 0 s  <<< FAILURE!
java.lang.AssertionError
	at COMP3004.MeldTest.testSortSet(MeldTest.java:75)

