-------------------------------------------------------------------------------
Test set: COMP3004.StrategyTest
-------------------------------------------------------------------------------
Tests run: 5, Failures: 1, Errors: 0, Skipped: 0, Time elapsed: 0.002 s <<< FAILURE! - in COMP3004.StrategyTest
testSearchHand(COMP3004.StrategyTest)  Time elapsed: 0.001 s  <<< FAILURE!
java.lang.AssertionError
	at COMP3004.StrategyTest.testSearchHand(StrategyTest.java:112)

