-------------------------------------------------------------------------------
Test set: COMP3004.Strategy1Test
-------------------------------------------------------------------------------
Tests run: 1, Failures: 1, Errors: 0, Skipped: 0, Time elapsed: 0.001 s <<< FAILURE! - in COMP3004.Strategy1Test
testSetTable(COMP3004.Strategy1Test)  Time elapsed: 0 s  <<< FAILURE!
java.lang.AssertionError
	at COMP3004.Strategy1Test.testSetTable(Strategy1Test.java:22)

